{
  "stats": {
    "suites": 1,
    "tests": 7,
    "passes": 7,
    "pending": 0,
    "failures": 0,
    "start": "2026-08-05T17:10:33.126Z",
    "end": "2026-08-05T17:10:38.350Z",
    "duration": 5224,
    "testsRegistered": 7,
    "passPercent": 100,
    "pendingPercent": 0,
    "other": 0,
    "hasOther": false,
    "skipped": 0,
    "hasSkipped": false
  },
  "results": [
    {
      "uuid": "eb34b7b0-50e6-4026-bc95-4de36b8ad54c",
      "title": "",
      "fullFile": "C:\\Users\\jwulen\\Documents\\P3\\Tarea 4, P3\\pruebas.specs.js",
      "file": "\\pruebas.specs.js",
      "beforeHooks": [],
      "afterHooks": [],
      "tests": [],
      "suites": [
        {
          "uuid": "2dcf0fa6-29c1-4dfa-a078-22eaa269767a",
          "title": "Pruebas Automatizadas CRUD - Tarea 4",
          "fullFile": "C:\\Users\\jwulen\\Documents\\P3\\Tarea 4, P3\\pruebas.specs.js",
          "file": "\\pruebas.specs.js",
          "beforeHooks": [
            {
              "title": "\"before all\" hook in \"Pruebas Automatizadas CRUD - Tarea 4\"",
              "fullTitle": "Pruebas Automatizadas CRUD - Tarea 4 \"before all\" hook in \"Pruebas Automatizadas CRUD - Tarea 4\"",
              "timedOut": false,
              "duration": 1033,
              "state": null,
              "speed": null,
              "pass": false,
              "fail": false,
              "pending": false,
              "context": null,
              "code": "driver = await new Builder().forBrowser('chrome').build();",
              "err": {},
              "uuid": "e2cd5992-786e-4818-b3cb-499dae0ae368",
              "parentUUID": "2dcf0fa6-29c1-4dfa-a078-22eaa269767a",
              "isHook": true,
              "skipped": false
            }
          ],
          "afterHooks": [
            {
              "title": "\"after all\" hook in \"Pruebas Automatizadas CRUD - Tarea 4\"",
              "fullTitle": "Pruebas Automatizadas CRUD - Tarea 4 \"after all\" hook in \"Pruebas Automatizadas CRUD - Tarea 4\"",
              "timedOut": false,
              "duration": 275,
              "state": null,
              "speed": null,
              "pass": false,
              "fail": false,
              "pending": false,
              "context": null,
              "code": "if (driver) {\n    await driver.quit();\n}",
              "err": {},
              "uuid": "30f68480-6c30-43dc-b42c-978da942bfe7",
              "parentUUID": "2dcf0fa6-29c1-4dfa-a078-22eaa269767a",
              "isHook": true,
              "skipped": false
            },
            {
              "title": "\"after each\" hook in \"Pruebas Automatizadas CRUD - Tarea 4\"",
              "fullTitle": "Pruebas Automatizadas CRUD - Tarea 4 \"after each\" hook in \"Pruebas Automatizadas CRUD - Tarea 4\"",
              "timedOut": false,
              "duration": 123,
              "state": null,
              "speed": null,
              "pass": false,
              "fail": false,
              "pending": false,
              "context": null,
              "code": "let image = await driver.takeScreenshot();\nlet nombrePrueba = this.currentTest.title.replace(/[^a-zA-Z0-9]/g, '_');\nlet carpetaDestino = path.join(__dirname, 'ss de pruebas');\nif (!fs.existsSync(carpetaDestino)) {\n    fs.mkdirSync(carpetaDestino, { recursive: true });\n}\nlet ruta = path.join(carpetaDestino, `${nombrePrueba}.png`);\nfs.writeFileSync(ruta, image, 'base64');",
              "err": {},
              "uuid": "6cec69f0-b498-4767-81bb-215b88c92881",
              "parentUUID": "2dcf0fa6-29c1-4dfa-a078-22eaa269767a",
              "isHook": true,
              "skipped": false
            }
          ],
          "tests": [
            {
              "title": "Login Negativo: Debería fallar con credenciales incorrectas",
              "fullTitle": "Pruebas Automatizadas CRUD - Tarea 4 Login Negativo: Debería fallar con credenciales incorrectas",
              "timedOut": false,
              "duration": 437,
              "state": "passed",
              "speed": "slow",
              "pass": true,
              "fail": false,
              "pending": false,
              "context": null,
              "code": "await driver.get(url);\nawait driver.findElement(By.id('login-username')).sendKeys('hacker');\nawait driver.findElement(By.id('login-password')).sendKeys('0000');\nawait driver.findElement(By.id('login-btn')).click();\n\nlet errorMsg = await driver.wait(until.elementLocated(By.id('login-error')), 5000);\nawait driver.wait(until.elementIsVisible(errorMsg), 5000);",
              "err": {},
              "uuid": "ef6165a1-9be2-4293-9f63-b36f09af6938",
              "parentUUID": "2dcf0fa6-29c1-4dfa-a078-22eaa269767a",
              "isHook": false,
              "skipped": false
            },
            {
              "title": "Login Positivo: Debería iniciar sesión correctamente",
              "fullTitle": "Pruebas Automatizadas CRUD - Tarea 4 Login Positivo: Debería iniciar sesión correctamente",
              "timedOut": false,
              "duration": 254,
              "state": "passed",
              "speed": "slow",
              "pass": true,
              "fail": false,
              "pending": false,
              "context": null,
              "code": "await driver.get(url);\nawait iniciarSesion();",
              "err": {},
              "uuid": "63d1e7da-d078-4ebf-bc44-c107203e16fb",
              "parentUUID": "2dcf0fa6-29c1-4dfa-a078-22eaa269767a",
              "isHook": false,
              "skipped": false
            },
            {
              "title": "Camino Positivo: Debería crear un usuario correctamente",
              "fullTitle": "Pruebas Automatizadas CRUD - Tarea 4 Camino Positivo: Debería crear un usuario correctamente",
              "timedOut": false,
              "duration": 444,
              "state": "passed",
              "speed": "slow",
              "pass": true,
              "fail": false,
              "pending": false,
              "context": null,
              "code": "await driver.get(url);\nawait iniciarSesion(); // Pasamos el login primero\n\nawait driver.findElement(By.id('user-name')).sendKeys('Jheriel Alberto');\nawait driver.findElement(By.id('user-email')).sendKeys('jheriel@itla.edu.do');\nawait driver.findElement(By.id('save-btn')).click();\n\nawait driver.wait(until.elementLocated(By.css('#user-list tr')), 5000);",
              "err": {},
              "uuid": "a6f5e541-3179-41e5-a1e2-83de24acfdf3",
              "parentUUID": "2dcf0fa6-29c1-4dfa-a078-22eaa269767a",
              "isHook": false,
              "skipped": false
            },
            {
              "title": "Prueba Negativa: Debería fallar al intentar guardar sin datos",
              "fullTitle": "Pruebas Automatizadas CRUD - Tarea 4 Prueba Negativa: Debería fallar al intentar guardar sin datos",
              "timedOut": false,
              "duration": 402,
              "state": "passed",
              "speed": "slow",
              "pass": true,
              "fail": false,
              "pending": false,
              "context": null,
              "code": "await driver.get(url);\nawait iniciarSesion();\n\nawait driver.findElement(By.id('user-name')).clear();\nawait driver.findElement(By.id('user-email')).clear();\nawait driver.findElement(By.id('save-btn')).click();",
              "err": {},
              "uuid": "df1bd05d-3554-4c93-818a-9a0ef2b25d1a",
              "parentUUID": "2dcf0fa6-29c1-4dfa-a078-22eaa269767a",
              "isHook": false,
              "skipped": false
            },
            {
              "title": "Prueba de Límites: No debería permitir un nombre mayor de 100 caracteres",
              "fullTitle": "Pruebas Automatizadas CRUD - Tarea 4 Prueba de Límites: No debería permitir un nombre mayor de 100 caracteres",
              "timedOut": false,
              "duration": 470,
              "state": "passed",
              "speed": "slow",
              "pass": true,
              "fail": false,
              "pending": false,
              "context": null,
              "code": "await driver.get(url);\nawait iniciarSesion();\n\nlet textoLargo = 'a'.repeat(100); \nawait driver.findElement(By.id('user-name')).sendKeys(textoLargo);\nawait driver.findElement(By.id('user-email')).sendKeys('limite@ejemplo.com');\nawait driver.findElement(By.id('save-btn')).click();",
              "err": {},
              "uuid": "70348b0d-ff2e-4124-9909-a4eca9460c75",
              "parentUUID": "2dcf0fa6-29c1-4dfa-a078-22eaa269767a",
              "isHook": false,
              "skipped": false
            },
            {
              "title": "Debería actualizar un registro",
              "fullTitle": "Pruebas Automatizadas CRUD - Tarea 4 Debería actualizar un registro",
              "timedOut": false,
              "duration": 608,
              "state": "passed",
              "speed": "slow",
              "pass": true,
              "fail": false,
              "pending": false,
              "context": null,
              "code": "await driver.get(url);\nawait iniciarSesion();\n\nawait driver.findElement(By.id('user-name')).sendKeys('Usuario Viejo');\nawait driver.findElement(By.id('user-email')).sendKeys('viejo@test.com');\nawait driver.findElement(By.id('save-btn')).click();\n\nlet btnEditar = await driver.wait(until.elementLocated(By.css('#user-list .btn-edit')), 5000);\nawait btnEditar.click();\n\nlet inputNombre = await driver.findElement(By.id('user-name'));\nawait inputNombre.clear();\nawait inputNombre.sendKeys('Usuario Actualizado');\nawait driver.findElement(By.id('save-btn')).click();",
              "err": {},
              "uuid": "1b931873-2f5b-47be-96f5-d5349ad3fee6",
              "parentUUID": "2dcf0fa6-29c1-4dfa-a078-22eaa269767a",
              "isHook": false,
              "skipped": false
            },
            {
              "title": "Debería eliminar un registro",
              "fullTitle": "Pruebas Automatizadas CRUD - Tarea 4 Debería eliminar un registro",
              "timedOut": false,
              "duration": 461,
              "state": "passed",
              "speed": "slow",
              "pass": true,
              "fail": false,
              "pending": false,
              "context": null,
              "code": "await driver.get(url);\nawait iniciarSesion();\n\nawait driver.findElement(By.id('user-name')).sendKeys('Para Borrar');\nawait driver.findElement(By.id('user-email')).sendKeys('borrar@test.com');\nawait driver.findElement(By.id('save-btn')).click();\n\nlet btnEliminar = await driver.wait(until.elementLocated(By.css('#user-list .btn-delete')), 5000);\nawait btnEliminar.click();\n\nawait driver.wait(until.alertIsPresent(), 5000);\nlet alerta = await driver.switchTo().alert();\nawait alerta.accept();",
              "err": {},
              "uuid": "e126ceba-4743-47f9-8d48-8342748ac542",
              "parentUUID": "2dcf0fa6-29c1-4dfa-a078-22eaa269767a",
              "isHook": false,
              "skipped": false
            }
          ],
          "suites": [],
          "passes": [
            "ef6165a1-9be2-4293-9f63-b36f09af6938",
            "63d1e7da-d078-4ebf-bc44-c107203e16fb",
            "a6f5e541-3179-41e5-a1e2-83de24acfdf3",
            "df1bd05d-3554-4c93-818a-9a0ef2b25d1a",
            "70348b0d-ff2e-4124-9909-a4eca9460c75",
            "1b931873-2f5b-47be-96f5-d5349ad3fee6",
            "e126ceba-4743-47f9-8d48-8342748ac542"
          ],
          "failures": [],
          "pending": [],
          "skipped": [],
          "duration": 3076,
          "root": false,
          "rootEmpty": false,
          "_timeout": 30000
        }
      ],
      "passes": [],
      "failures": [],
      "pending": [],
      "skipped": [],
      "duration": 0,
      "root": true,
      "rootEmpty": true,
      "_timeout": 2000
    }
  ],
  "meta": {
    "mocha": {
      "version": "11.8.0"
    },
    "mochawesome": {
      "options": {
        "quiet": false,
        "reportFilename": "mochawesome",
        "saveHtml": true,
        "saveJson": true,
        "consoleReporter": "spec",
        "useInlineDiffs": false,
        "code": true
      },
      "version": "8.0.1"
    },
    "marge": {
      "options": null,
      "version": "6.3.2"
    }
  }
}