{
  "stats": {
    "suites": 1,
    "tests": 7,
    "passes": 7,
    "pending": 0,
    "failures": 0,
    "start": "2026-08-05T17:41:03.156Z",
    "end": "2026-08-05T17:41:10.451Z",
    "duration": 7295,
    "testsRegistered": 7,
    "passPercent": 100,
    "pendingPercent": 0,
    "other": 0,
    "hasOther": false,
    "skipped": 0,
    "hasSkipped": false
  },
  "results": [
    {
      "uuid": "80837281-f066-4b2e-913f-66a8fecf4004",
      "title": "",
      "fullFile": "C:\\Users\\jwulen\\Documents\\P3\\Tarea 4, P3\\pruebas.specs.js",
      "file": "\\pruebas.specs.js",
      "beforeHooks": [],
      "afterHooks": [],
      "tests": [],
      "suites": [
        {
          "uuid": "499c8700-a447-4a98-95a3-f92dff0b02ce",
          "title": "Pruebas Automatizadas CRUD - Tarea 4",
          "fullFile": "C:\\Users\\jwulen\\Documents\\P3\\Tarea 4, P3\\pruebas.specs.js",
          "file": "\\pruebas.specs.js",
          "beforeHooks": [
            {
              "title": "\"before all\" hook in \"Pruebas Automatizadas CRUD - Tarea 4\"",
              "fullTitle": "Pruebas Automatizadas CRUD - Tarea 4 \"before all\" hook in \"Pruebas Automatizadas CRUD - Tarea 4\"",
              "timedOut": false,
              "duration": 1140,
              "state": null,
              "speed": null,
              "pass": false,
              "fail": false,
              "pending": false,
              "context": null,
              "code": "driver = await new Builder().forBrowser('chrome').build();",
              "err": {},
              "uuid": "fee88455-481b-4bd3-a5ff-d6d379262103",
              "parentUUID": "499c8700-a447-4a98-95a3-f92dff0b02ce",
              "isHook": true,
              "skipped": false
            }
          ],
          "afterHooks": [
            {
              "title": "\"after all\" hook in \"Pruebas Automatizadas CRUD - Tarea 4\"",
              "fullTitle": "Pruebas Automatizadas CRUD - Tarea 4 \"after all\" hook in \"Pruebas Automatizadas CRUD - Tarea 4\"",
              "timedOut": false,
              "duration": 907,
              "state": null,
              "speed": null,
              "pass": false,
              "fail": false,
              "pending": false,
              "context": null,
              "code": "if (driver) {\n    await driver.quit();\n}",
              "err": {},
              "uuid": "4ff52dcf-a5b6-46f2-b421-15fcc646c1f0",
              "parentUUID": "499c8700-a447-4a98-95a3-f92dff0b02ce",
              "isHook": true,
              "skipped": false
            },
            {
              "title": "\"after each\" hook in \"Pruebas Automatizadas CRUD - Tarea 4\"",
              "fullTitle": "Pruebas Automatizadas CRUD - Tarea 4 \"after each\" hook in \"Pruebas Automatizadas CRUD - Tarea 4\"",
              "timedOut": false,
              "duration": 298,
              "state": null,
              "speed": null,
              "pass": false,
              "fail": false,
              "pending": false,
              "context": null,
              "code": "let image = await driver.takeScreenshot();\nlet nombrePrueba = this.currentTest.title.replace(/[^a-zA-Z0-9]/g, '_');\nlet carpetaDestino = path.join(__dirname, 'ss de pruebas');\nif (!fs.existsSync(carpetaDestino)) {\n    fs.mkdirSync(carpetaDestino, { recursive: true });\n}\nlet ruta = path.join(carpetaDestino, `${nombrePrueba}.png`);\nfs.writeFileSync(ruta, image, 'base64');",
              "err": {},
              "uuid": "d17d3e59-21d6-4eaf-9ff4-f5d4fec1496a",
              "parentUUID": "499c8700-a447-4a98-95a3-f92dff0b02ce",
              "isHook": true,
              "skipped": false
            }
          ],
          "tests": [
            {
              "title": "Login Negativo: Debería fallar con credenciales incorrectas",
              "fullTitle": "Pruebas Automatizadas CRUD - Tarea 4 Login Negativo: Debería fallar con credenciales incorrectas",
              "timedOut": false,
              "duration": 855,
              "state": "passed",
              "speed": "slow",
              "pass": true,
              "fail": false,
              "pending": false,
              "context": null,
              "code": "await driver.get(url);\nawait driver.findElement(By.id('login-username')).sendKeys('hacker');\nawait driver.findElement(By.id('login-password')).sendKeys('0000');\nawait driver.findElement(By.id('login-btn')).click();\n\nlet errorMsg = await driver.wait(until.elementLocated(By.id('login-error')), 5000);\nawait driver.wait(until.elementIsVisible(errorMsg), 5000);",
              "err": {},
              "uuid": "e1e0e1e6-f741-4e10-b865-b3163c498b47",
              "parentUUID": "499c8700-a447-4a98-95a3-f92dff0b02ce",
              "isHook": false,
              "skipped": false
            },
            {
              "title": "Login Positivo: Debería iniciar sesión correctamente",
              "fullTitle": "Pruebas Automatizadas CRUD - Tarea 4 Login Positivo: Debería iniciar sesión correctamente",
              "timedOut": false,
              "duration": 331,
              "state": "passed",
              "speed": "slow",
              "pass": true,
              "fail": false,
              "pending": false,
              "context": null,
              "code": "await driver.get(url);\nawait iniciarSesion();",
              "err": {},
              "uuid": "d83c74be-ba07-44f7-b52e-8198065a7689",
              "parentUUID": "499c8700-a447-4a98-95a3-f92dff0b02ce",
              "isHook": false,
              "skipped": false
            },
            {
              "title": "Camino Positivo: Debería crear un usuario correctamente",
              "fullTitle": "Pruebas Automatizadas CRUD - Tarea 4 Camino Positivo: Debería crear un usuario correctamente",
              "timedOut": false,
              "duration": 441,
              "state": "passed",
              "speed": "slow",
              "pass": true,
              "fail": false,
              "pending": false,
              "context": null,
              "code": "await driver.get(url);\nawait iniciarSesion(); // Pasamos el login primero\n\nawait driver.findElement(By.id('user-name')).sendKeys('Jheriel Alberto');\nawait driver.findElement(By.id('user-email')).sendKeys('jheriel@itla.edu.do');\nawait driver.findElement(By.id('save-btn')).click();\n\nawait driver.wait(until.elementLocated(By.css('#user-list tr')), 5000);",
              "err": {},
              "uuid": "f2a86666-7ede-47ff-a4fb-ce0895aed0f2",
              "parentUUID": "499c8700-a447-4a98-95a3-f92dff0b02ce",
              "isHook": false,
              "skipped": false
            },
            {
              "title": "Prueba Negativa: Debería fallar al intentar guardar sin datos",
              "fullTitle": "Pruebas Automatizadas CRUD - Tarea 4 Prueba Negativa: Debería fallar al intentar guardar sin datos",
              "timedOut": false,
              "duration": 316,
              "state": "passed",
              "speed": "slow",
              "pass": true,
              "fail": false,
              "pending": false,
              "context": null,
              "code": "await driver.get(url);\nawait iniciarSesion();\n\nawait driver.findElement(By.id('user-name')).clear();\nawait driver.findElement(By.id('user-email')).clear();\nawait driver.findElement(By.id('save-btn')).click();",
              "err": {},
              "uuid": "e86641d4-e79a-403a-bb69-b1f8548f4f31",
              "parentUUID": "499c8700-a447-4a98-95a3-f92dff0b02ce",
              "isHook": false,
              "skipped": false
            },
            {
              "title": "Prueba de Límites: No debería permitir un nombre mayor de 100 caracteres",
              "fullTitle": "Pruebas Automatizadas CRUD - Tarea 4 Prueba de Límites: No debería permitir un nombre mayor de 100 caracteres",
              "timedOut": false,
              "duration": 561,
              "state": "passed",
              "speed": "slow",
              "pass": true,
              "fail": false,
              "pending": false,
              "context": null,
              "code": "await driver.get(url);\nawait iniciarSesion();\n\nlet textoLargo = 'a'.repeat(100); \nawait driver.findElement(By.id('user-name')).sendKeys(textoLargo);\nawait driver.findElement(By.id('user-email')).sendKeys('limite@ejemplo.com');\nawait driver.findElement(By.id('save-btn')).click();",
              "err": {},
              "uuid": "a6bb4f1f-2e79-4d5c-b5c8-42dbde397d69",
              "parentUUID": "499c8700-a447-4a98-95a3-f92dff0b02ce",
              "isHook": false,
              "skipped": false
            },
            {
              "title": "Debería actualizar un registro",
              "fullTitle": "Pruebas Automatizadas CRUD - Tarea 4 Debería actualizar un registro",
              "timedOut": false,
              "duration": 731,
              "state": "passed",
              "speed": "slow",
              "pass": true,
              "fail": false,
              "pending": false,
              "context": null,
              "code": "await driver.get(url);\nawait iniciarSesion();\n\nawait driver.findElement(By.id('user-name')).sendKeys('Usuario Viejo');\nawait driver.findElement(By.id('user-email')).sendKeys('viejo@test.com');\nawait driver.findElement(By.id('save-btn')).click();\n\nlet btnEditar = await driver.wait(until.elementLocated(By.css('#user-list .btn-edit')), 5000);\nawait btnEditar.click();\n\nlet inputNombre = await driver.findElement(By.id('user-name'));\nawait inputNombre.clear();\nawait inputNombre.sendKeys('Usuario Actualizado');\nawait driver.findElement(By.id('save-btn')).click();",
              "err": {},
              "uuid": "276f1169-285a-4808-a00c-3644ad7f4caa",
              "parentUUID": "499c8700-a447-4a98-95a3-f92dff0b02ce",
              "isHook": false,
              "skipped": false
            },
            {
              "title": "Debería eliminar un registro",
              "fullTitle": "Pruebas Automatizadas CRUD - Tarea 4 Debería eliminar un registro",
              "timedOut": false,
              "duration": 762,
              "state": "passed",
              "speed": "slow",
              "pass": true,
              "fail": false,
              "pending": false,
              "context": null,
              "code": "await driver.get(url);\nawait iniciarSesion();\n\nawait driver.findElement(By.id('user-name')).sendKeys('Para Borrar');\nawait driver.findElement(By.id('user-email')).sendKeys('borrar@test.com');\nawait driver.findElement(By.id('save-btn')).click();\n\nlet btnEliminar = await driver.wait(until.elementLocated(By.css('#user-list .btn-delete')), 5000);\nawait btnEliminar.click();\n\nawait driver.wait(until.alertIsPresent(), 5000);\nlet alerta = await driver.switchTo().alert();\nawait alerta.accept();",
              "err": {},
              "uuid": "dde21a8c-47ef-4f34-8a3b-dc252dd8faa0",
              "parentUUID": "499c8700-a447-4a98-95a3-f92dff0b02ce",
              "isHook": false,
              "skipped": false
            }
          ],
          "suites": [],
          "passes": [
            "e1e0e1e6-f741-4e10-b865-b3163c498b47",
            "d83c74be-ba07-44f7-b52e-8198065a7689",
            "f2a86666-7ede-47ff-a4fb-ce0895aed0f2",
            "e86641d4-e79a-403a-bb69-b1f8548f4f31",
            "a6bb4f1f-2e79-4d5c-b5c8-42dbde397d69",
            "276f1169-285a-4808-a00c-3644ad7f4caa",
            "dde21a8c-47ef-4f34-8a3b-dc252dd8faa0"
          ],
          "failures": [],
          "pending": [],
          "skipped": [],
          "duration": 3997,
          "root": false,
          "rootEmpty": false,
          "_timeout": 30000
        }
      ],
      "passes": [],
      "failures": [],
      "pending": [],
      "skipped": [],
      "duration": 0,
      "root": true,
      "rootEmpty": true,
      "_timeout": 2000
    }
  ],
  "meta": {
    "mocha": {
      "version": "11.8.0"
    },
    "mochawesome": {
      "options": {
        "quiet": false,
        "reportFilename": "mochawesome",
        "saveHtml": true,
        "saveJson": true,
        "consoleReporter": "spec",
        "useInlineDiffs": false,
        "code": true
      },
      "version": "8.0.1"
    },
    "marge": {
      "options": null,
      "version": "6.3.2"
    }
  }
}